Build started 25/04/2015 11:32:55 PM.
     1>Project "C:\Users\unknown\repos\3dGraphics\bennytut\BennyTut.vcxproj" on node 2 (Build target(s)).
     1>ClCompile:
         C:\Program Files (x86)\Microsoft Visual Studio 12.0\VC\bin\x86_amd64\CL.exe /c /Zi /nologo /W3 /WX- /sdl /Od /D _MBCS /D _MBCS /D _CRT_SECURE_NO_WARNINGS /Gm /EHsc /RTC1 /MDd /GS /fp:precise /Zc:wchar_t /Zc:forScope /Fo"x64\Debug\\" /Fd"x64\Debug\vc120.pdb" /Gd /TP /errorReport:prompt display.cpp main.cpp mesh.cpp shader.cpp texture.cpp
         texture.cpp
         shader.cpp
     1>shader.cpp(56): warning C4267: '=' : conversion from 'size_t' to 'GLint', possible loss of data
         mesh.cpp
         main.cpp
         display.cpp
         Generating Code...
         C:\Program Files (x86)\Microsoft Visual Studio 12.0\VC\bin\x86_amd64\CL.exe /c /Zi /nologo /W3 /WX- /sdl /Od /D _MBCS /D _MBCS /D _CRT_SECURE_NO_WARNINGS /Gm /EHsc /RTC1 /MDd /GS /fp:precise /Zc:wchar_t /Zc:forScope /Fo"x64\Debug\\" /Fd"x64\Debug\vc120.pdb" /Gd /TC /errorReport:prompt stb_image.c
         stb_image.c
     1>stb_image.c(502): warning C4244: 'initializing' : conversion from '__int64' to 'int', possible loss of data
     1>stb_image.c(515): warning C4244: 'initializing' : conversion from '__int64' to 'int', possible loss of data
       Link:
         C:\Program Files (x86)\Microsoft Visual Studio 12.0\VC\bin\x86_amd64\link.exe /ERRORREPORT:PROMPT /OUT:"C:\Users\unknown\repos\3dGraphics\x64\Debug\BennyTut.exe" /INCREMENTAL /NOLOGO /LIBPATH:./lib glut.lib glut32.lib glew32.lib glew32s.lib SDL2.lib SDL2main.lib OpenGL32.lib SDL2test.lib kernel32.lib user32.lib gdi32.lib winspool.lib comdlg32.lib advapi32.lib shell32.lib ole32.lib oleaut32.lib uuid.lib odbc32.lib odbccp32.lib /MANIFEST /MANIFESTUAC:"level='asInvoker' uiAccess='false'" /manifest:embed /DEBUG /PDB:"C:\Users\unknown\repos\3dGraphics\x64\Debug\BennyTut.pdb" /SUBSYSTEM:CONSOLE /TLBID:1 /DYNAMICBASE /NXCOMPAT /IMPLIB:"C:\Users\unknown\repos\3dGraphics\x64\Debug\BennyTut.lib" /MACHINE:X64 x64\Debug\display.obj
         x64\Debug\main.obj
         x64\Debug\mesh.obj
         x64\Debug\shader.obj
         x64\Debug\stb_image.obj
         x64\Debug\texture.obj
     1>display.obj : error LNK2019: unresolved external symbol SDL_CreateWindow referenced in function "public: __cdecl Display::Display(int,int,class std::basic_string<char,struct std::char_traits<char>,class std::allocator<char> > const &)" (??0Display@@QEAA@HHAEBV?$basic_string@DU?$char_traits@D@std@@V?$allocator@D@2@@std@@@Z)
     1>display.obj : error LNK2019: unresolved external symbol SDL_DestroyWindow referenced in function "public: virtual __cdecl Display::~Display(void)" (??1Display@@UEAA@XZ)
     1>display.obj : error LNK2019: unresolved external symbol SDL_GL_SetAttribute referenced in function "public: __cdecl Display::Display(int,int,class std::basic_string<char,struct std::char_traits<char>,class std::allocator<char> > const &)" (??0Display@@QEAA@HHAEBV?$basic_string@DU?$char_traits@D@std@@V?$allocator@D@2@@std@@@Z)
     1>display.obj : error LNK2019: unresolved external symbol SDL_GL_CreateContext referenced in function "public: __cdecl Display::Display(int,int,class std::basic_string<char,struct std::char_traits<char>,class std::allocator<char> > const &)" (??0Display@@QEAA@HHAEBV?$basic_string@DU?$char_traits@D@std@@V?$allocator@D@2@@std@@@Z)
     1>display.obj : error LNK2019: unresolved external symbol SDL_GL_SwapWindow referenced in function "public: void __cdecl Display::Update(void)" (?Update@Display@@QEAAXXZ)
     1>display.obj : error LNK2019: unresolved external symbol SDL_GL_DeleteContext referenced in function "public: virtual __cdecl Display::~Display(void)" (??1Display@@UEAA@XZ)
     1>display.obj : error LNK2019: unresolved external symbol SDL_PollEvent referenced in function "public: void __cdecl Display::Update(void)" (?Update@Display@@QEAAXXZ)
     1>display.obj : error LNK2019: unresolved external symbol SDL_Init referenced in function "public: __cdecl Display::Display(int,int,class std::basic_string<char,struct std::char_traits<char>,class std::allocator<char> > const &)" (??0Display@@QEAA@HHAEBV?$basic_string@DU?$char_traits@D@std@@V?$allocator@D@2@@std@@@Z)
     1>display.obj : error LNK2019: unresolved external symbol SDL_Quit referenced in function "public: virtual __cdecl Display::~Display(void)" (??1Display@@UEAA@XZ)
     1>display.obj : error LNK2019: unresolved external symbol __imp_glewInit referenced in function "public: __cdecl Display::Display(int,int,class std::basic_string<char,struct std::char_traits<char>,class std::allocator<char> > const &)" (??0Display@@QEAA@HHAEBV?$basic_string@DU?$char_traits@D@std@@V?$allocator@D@2@@std@@@Z)
     1>mesh.obj : error LNK2001: unresolved external symbol __imp___glewBindBuffer
     1>mesh.obj : error LNK2001: unresolved external symbol __imp___glewBufferData
     1>mesh.obj : error LNK2001: unresolved external symbol __imp___glewGenBuffers
     1>mesh.obj : error LNK2001: unresolved external symbol __imp___glewEnableVertexAttribArray
     1>mesh.obj : error LNK2001: unresolved external symbol __imp___glewVertexAttribPointer
     1>mesh.obj : error LNK2001: unresolved external symbol __imp___glewBindVertexArray
     1>mesh.obj : error LNK2001: unresolved external symbol __imp___glewDeleteVertexArrays
     1>mesh.obj : error LNK2001: unresolved external symbol __imp___glewGenVertexArrays
     1>shader.obj : error LNK2001: unresolved external symbol __imp___glewAttachShader
     1>shader.obj : error LNK2001: unresolved external symbol __imp___glewCompileShader
     1>shader.obj : error LNK2001: unresolved external symbol __imp___glewCreateProgram
     1>shader.obj : error LNK2001: unresolved external symbol __imp___glewCreateShader
     1>shader.obj : error LNK2001: unresolved external symbol __imp___glewDeleteProgram
     1>shader.obj : error LNK2001: unresolved external symbol __imp___glewDeleteShader
     1>shader.obj : error LNK2001: unresolved external symbol __imp___glewDetachShader
     1>shader.obj : error LNK2001: unresolved external symbol __imp___glewGetProgramInfoLog
     1>shader.obj : error LNK2001: unresolved external symbol __imp___glewGetProgramiv
     1>shader.obj : error LNK2001: unresolved external symbol __imp___glewGetShaderInfoLog
     1>shader.obj : error LNK2001: unresolved external symbol __imp___glewGetShaderiv
     1>shader.obj : error LNK2001: unresolved external symbol __imp___glewLinkProgram
     1>shader.obj : error LNK2001: unresolved external symbol __imp___glewShaderSource
     1>shader.obj : error LNK2001: unresolved external symbol __imp___glewUseProgram
     1>shader.obj : error LNK2001: unresolved external symbol __imp___glewValidateProgram
     1>texture.obj : error LNK2001: unresolved external symbol __imp___glewActiveTexture
     1>texture.obj : error LNK2001: unresolved external symbol __imp___glewTextureParameterf
     1>texture.obj : error LNK2001: unresolved external symbol __imp___glewTextureParameteri
     1>MSVCRTD.lib(crtexe.obj) : error LNK2019: unresolved external symbol main referenced in function __tmainCRTStartup
     1>C:\Users\unknown\repos\3dGraphics\x64\Debug\BennyTut.exe : fatal error LNK1120: 37 unresolved externals
     1>Done Building Project "C:\Users\unknown\repos\3dGraphics\bennytut\BennyTut.vcxproj" (Build target(s)) -- FAILED.

Build FAILED.

Time Elapsed 00:00:02.31
