Determining if the pthread_create exist failed with the following output:
Change Dir: /home/sadman/repos/3dGraphics/build/CMakeFiles/CMakeTmp

Run Build Command:"/usr/bin/make" "cmTC_2fb3f/fast"
/usr/bin/make -f CMakeFiles/cmTC_2fb3f.dir/build.make CMakeFiles/cmTC_2fb3f.dir/build
make[1]: Entering directory '/home/sadman/repos/3dGraphics/build/CMakeFiles/CMakeTmp'
Building C object CMakeFiles/cmTC_2fb3f.dir/CheckSymbolExists.c.o
/usr/bin/cc     -o CMakeFiles/cmTC_2fb3f.dir/CheckSymbolExists.c.o   -c /home/sadman/repos/3dGraphics/build/CMakeFiles/CMakeTmp/CheckSymbolExists.c
Linking C executable cmTC_2fb3f
/usr/bin/cmake -E cmake_link_script CMakeFiles/cmTC_2fb3f.dir/link.txt --verbose=1
/usr/bin/cc       CMakeFiles/cmTC_2fb3f.dir/CheckSymbolExists.c.o  -o cmTC_2fb3f -rdynamic 
CMakeFiles/cmTC_2fb3f.dir/CheckSymbolExists.c.o: In function `main':
CheckSymbolExists.c:(.text+0x16): undefined reference to `pthread_create'
collect2: error: ld returned 1 exit status
make[1]: *** [CMakeFiles/cmTC_2fb3f.dir/build.make:98: cmTC_2fb3f] Error 1
make[1]: Leaving directory '/home/sadman/repos/3dGraphics/build/CMakeFiles/CMakeTmp'
make: *** [Makefile:126: cmTC_2fb3f/fast] Error 2

File /home/sadman/repos/3dGraphics/build/CMakeFiles/CMakeTmp/CheckSymbolExists.c:
/* */
#include <pthread.h>

int main(int argc, char** argv)
{
  (void)argv;
#ifndef pthread_create
  return ((int*)(&pthread_create))[argc];
#else
  (void)argc;
  return 0;
#endif
}

Determining if the function pthread_create exists in the pthreads failed with the following output:
Change Dir: /home/sadman/repos/3dGraphics/build/CMakeFiles/CMakeTmp

Run Build Command:"/usr/bin/make" "cmTC_7f464/fast"
/usr/bin/make -f CMakeFiles/cmTC_7f464.dir/build.make CMakeFiles/cmTC_7f464.dir/build
make[1]: Entering directory '/home/sadman/repos/3dGraphics/build/CMakeFiles/CMakeTmp'
Building C object CMakeFiles/cmTC_7f464.dir/CheckFunctionExists.c.o
/usr/bin/cc    -DCHECK_FUNCTION_EXISTS=pthread_create   -o CMakeFiles/cmTC_7f464.dir/CheckFunctionExists.c.o   -c /usr/share/cmake-3.7/Modules/CheckFunctionExists.c
Linking C executable cmTC_7f464
/usr/bin/cmake -E cmake_link_script CMakeFiles/cmTC_7f464.dir/link.txt --verbose=1
/usr/bin/cc   -DCHECK_FUNCTION_EXISTS=pthread_create    CMakeFiles/cmTC_7f464.dir/CheckFunctionExists.c.o  -o cmTC_7f464 -rdynamic -lpthreads 
/usr/bin/ld: cannot find -lpthreads
collect2: error: ld returned 1 exit status
make[1]: *** [CMakeFiles/cmTC_7f464.dir/build.make:98: cmTC_7f464] Error 1
make[1]: Leaving directory '/home/sadman/repos/3dGraphics/build/CMakeFiles/CMakeTmp'
make: *** [Makefile:126: cmTC_7f464/fast] Error 2


